<?xml version="1.0" encoding="UTF-8" ?>
<testsuite tests="6" failures="1" name="testRunner.TestRun" time="748.926" errors="0" skipped="0">
  <properties>
[...]
</properties>
  <testcase classname="Customers" name="Add a new Customer" time="381.571"/>
  <testcase classname="Customers" name="Search Customer by EMailID" time="128.124"/>
  <testcase classname="Customers" name="Search Customer by Name" time="49.937"/>
  <testcase classname="Login" name="Successful Login with Valid Credentials" time="56.181"/>
  <testcase classname="Login" name="Login Data Driven" time="56.701"/>
  <testcase classname="Login" name="Login Data Driven" time="76.412">
    <failure type="java.lang.AssertionError">java.lang.AssertionError
	at org.junit.Assert.fail(Assert.java:86)
	at org.junit.Assert.assertTrue(Assert.java:41)
	at org.junit.Assert.assertTrue(Assert.java:52)
	at stepDefinitions.Steps.page_Title_should_be(Steps.java:88)
	at ✽.Page Title should be &quot;Dashboard / nopCommerce administration&quot;(file:Features/Login.feature:20)
</failure>
    <system-out>
  @regression
  Scenario Outline: Login Data Driven                                       # Features/Login.feature:28
    Given User Launch Chrome browser                                        # Steps.user_Launch_Chrome_browser()
    When User opens URL &quot;http://admin-demo.nopcommerce.com/login&quot;           # Steps.user_opens_URL(String)
    And User enters Email as &quot;admin1@yourstore.com&quot; and Password as &quot;admin&quot; # Steps.user_enters_Email_as_and_Password_as(String,String)
    And Click on Login                                                      # Steps.click_on_Login()
    Then Page Title should be &quot;Dashboard / nopCommerce administration&quot;      # Steps.page_Title_should_be(String)
      java.lang.AssertionError
	at org.junit.Assert.fail(Assert.java:86)
	at org.junit.Assert.assertTrue(Assert.java:41)
	at org.junit.Assert.assertTrue(Assert.java:52)
	at stepDefinitions.Steps.page_Title_should_be(Steps.java:88)
	at ?.Page Title should be &quot;Dashboard / nopCommerce administration&quot;(file:Features/Login.feature:20)

    When User click on Log out link                                         # Steps.user_click_on_Log_out_link()
    Then Page Title should be &quot;Your store. Login&quot;                           # Steps.page_Title_should_be(String)
    And close browser                                                       # Steps.close_browser()
</system-out>
    <system-err>Starting ChromeDriver 79.0.3945.36 (3582db32b33893869b8c1339e8f4d9ed1816f143-refs/branch-heads/3945@{#614}) on port 31920
Only local connections are allowed.
Please protect ports used by ChromeDriver and related test frameworks to prevent access by malicious code.
[1583205425.476][WARNING]: This version of ChromeDriver has not been tested with Chrome version 80.
[1583205427.683][WARNING]: Timed out connecting to Chrome, retrying...
Mar 03, 2020 8:47:09 AM org.openqa.selenium.remote.ProtocolHandshake createSession
INFO: Detected dialect: W3C
Mar 03, 2020 8:47:09 AM stepDefinitions.Steps setup
INFO: ********** Launching Browser ************
Mar 03, 2020 8:47:09 AM stepDefinitions.Steps user_opens_URL
INFO: ********** Opening URL ************
[1583205437.067][WARNING]: Timed out connecting to Chrome, retrying...
Mar 03, 2020 8:48:05 AM stepDefinitions.Steps user_enters_Email_as_and_Password_as
INFO: ********** Providing Login Details ************
Mar 03, 2020 8:48:07 AM stepDefinitions.Steps click_on_Login
INFO: ********** Started Login ************
Mar 03, 2020 8:48:13 AM stepDefinitions.Steps page_Title_should_be
INFO: ********** Login Failed ************
</system-err>
  </testcase>
</testsuite>